<?xml version="1.0" encoding="UTF-8"?>
<!-- Generated by org.testng.reporters.JUnitXMLReporter -->
<testsuite hostname="Harish-PC" ignored="3" name="Test Run Example" tests="2" failures="0" timestamp="21 Apr 2019 07:06:09 GMT" time="0.231" errors="0">
  <testcase name="testcase8" time="0.052" classname="day7.TestNGTesting"/>
  <testcase name="testcase1" time="0.008" classname="day7.TestNGTesting"/>
  <testcase name="testcase3" time="0.0" classname="day7.TestNGTesting">
    <ignored/>
  </testcase> <!-- testcase3 -->
  <testcase name="testcase4" time="0.0" classname="day7.TestNGTesting">
    <ignored/>
  </testcase> <!-- testcase4 -->
  <testcase name="testcase7" time="0.0" classname="day7.TestNGTesting">
    <ignored/>
  </testcase> <!-- testcase7 -->
</testsuite> <!-- Test Run Example -->
