<?xml version="1.0" encoding="UTF-8"?>
<!-- Generated by org.testng.reporters.JUnitXMLReporter -->
<testsuite hostname="Harish-PC" ignored="2" name="Test Run Example 2" tests="2" failures="0" timestamp="21 Apr 2019 07:06:09 GMT" time="0.051" errors="0">
  <testcase name="testCase10" time="0.008" classname="day7.testingExample"/>
  <testcase name="testCase11" time="0.015" classname="day7.testingExample"/>
  <testcase name="testCase9" time="0.0" classname="day7.testingExample">
    <ignored/>
  </testcase> <!-- testCase9 -->
  <testcase name="testCase19" time="0.0" classname="day7.testingExample">
    <ignored/>
  </testcase> <!-- testCase19 -->
</testsuite> <!-- Test Run Example 2 -->
