<?xml version="1.0" encoding="UTF-8"?>
<!-- Generated by org.testng.reporters.JUnitXMLReporter -->
<testsuite hostname="Harish-PC" ignored="0" name="Default test(failed)" tests="3" failures="0" timestamp="30 Apr 2019 16:16:57 GMT" time="0.31" errors="0">
  <testcase name="createUser" time="0.057" classname="day8.UserModuleScripts"/>
  <testcase name="editUser" time="0.024" classname="day8.UserModuleScripts"/>
  <testcase name="deleteUser" time="0.02" classname="day8.UserModuleScripts"/>
</testsuite> <!-- Default test(failed) -->
